Tue Sep 20 14:59:42 MDT 2022
MaxEnt version 3.4.4
Checking header of C:\Users\Jonathan Farr\Github\Historic_Bison\Env_Vars_Sept202022\Set_1\humanmod_sept20.asc
Checking header of C:\Users\Jonathan Farr\Github\Historic_Bison\Env_Vars_Sept202022\Set_1\mar_sept20.asc
Checking header of C:\Users\Jonathan Farr\Github\Historic_Bison\Env_Vars_Sept202022\Set_1\mcmt_sept20.asc
Checking header of C:\Users\Jonathan Farr\Github\Historic_Bison\Env_Vars_Sept202022\Set_1\msp_sept20.asc
Checking header of C:\Users\Jonathan Farr\Github\Historic_Bison\Env_Vars_Sept202022\Set_1\mwmt_sept20.asc
Checking header of C:\Users\Jonathan Farr\Github\Historic_Bison\Env_Vars_Sept202022\Set_1\pas_sept20.asc
Checking header of C:\Users\Jonathan Farr\Github\Historic_Bison\Env_Vars_Sept202022\Set_1\propgrass_sept20.asc
Checking header of C:\Users\Jonathan Farr\Github\Historic_Bison\Env_Vars_Sept202022\Set_1\proptree_sept20.asc
Checking header of C:\Users\Jonathan Farr\Github\Historic_Bison\Env_Vars_Sept202022\Set_1\rugg_sept20.asc
Reading samples from Bison_Training_June6.csv
Read samples: max memory 932184064, total allocated 253231104, free 234733344, used 18497760, increment 18497760
Extractor: max memory 932184064, total allocated 253231104, free 226773344, used 26457760, increment 7960000
Extracting random background and sample data
8078 points with values for all grids
Adding samples to background in feature space
Command line used:  environmentallayers=C:\Users\Jonathan Farr\Github\Historic_Bison\Env_Vars_Sept202022\Set_1 samplesfile=C:\Users\Jonathan Farr\Github\Historic_Bison\Bison_Training_June6.csv outputdirectory=C:\Users\Jonathan Farr\Github\Historic_Bison\Candidate_Models_Sept202022\M_0.5_F_lqp_Set_1_cal betamultiplier=0.5 autofeature=false linear=true quadratic=true product=true threshold=false hinge=false extrapolate=false doclamp=false replicates=1 replicatetype=Crossvalidate responsecurves=false jackknife=false plots=false pictures=false outputformat=logistic warnings=false visible=false redoifexists autorun
Command line to repeat: java density.MaxEnt nowarnings noprefixes nopictures outputformat=logistic "outputdirectory=C:\Users\Jonathan Farr\Github\Historic_Bison\Candidate_Models_Sept202022\M_0.5_F_lqp_Set_1_cal" "samplesfile=C:\Users\Jonathan Farr\Github\Historic_Bison\Bison_Training_June6.csv" "environmentallayers=C:\Users\Jonathan Farr\Github\Historic_Bison\Env_Vars_Sept202022\Set_1" nowarnings noaskoverwrite betamultiplier=0.5 nohinge autorun noextrapolate novisible noautofeature nodoclamp noplots
Species: Bison
Layers: humanmod_sept20 mar_sept20 mcmt_sept20 msp_sept20 mwmt_sept20 pas_sept20 propgrass_sept20 proptree_sept20 rugg_sept20
Layertypes: Continuous Continuous Continuous Continuous Continuous Continuous Continuous Continuous Continuous
pictures: false
outputformat: logistic
outputdirectory: C:\Users\Jonathan Farr\Github\Historic_Bison\Candidate_Models_Sept202022\M_0.5_F_lqp_Set_1_cal
samplesfile: C:\Users\Jonathan Farr\Github\Historic_Bison\Bison_Training_June6.csv
environmentallayers: C:\Users\Jonathan Farr\Github\Historic_Bison\Env_Vars_Sept202022\Set_1
warnings: false
askoverwrite: false
betamultiplier: 0.5
hinge: false
autorun: true
extrapolate: false
visible: false
autofeature: false
doclamp: false
plots: false

getSamples: max memory 932184064, total allocated 253231104, free 224130824, used 29100280, increment 2642520
Making features
makeFeatures: max memory 932184064, total allocated 253231104, free 219197552, used 34033552, increment 4933272
Bison: 
Regularization values: linear/quadratic/product: 0.050, categorical: 0.250, threshold: 1.000, hinge: 0.500
518 samples
Density: max memory 932184064, total allocated 253231104, free 219197552, used 34033552, increment 0
linearPredictor: max memory 932184064, total allocated 253231104, free 219197552, used 34033552, increment 0
FeaturedSpace: max memory 932184064, total allocated 253231104, free 219197552, used 34033552, increment 0
Sequential: max memory 932184064, total allocated 253231104, free 219197552, used 34033552, increment 0
Initial loss: 8.996899596123358
500: time = 0.426000 loss = 7.989317
Resulting gain: 1.0075827172739924
Projecting...
Writing file C:\Users\Jonathan Farr\Github\Historic_Bison\Candidate_Models_Sept202022\M_0.5_F_lqp_Set_1_cal\Bison.asc
Ending
