Fri Jul 08 12:51:26 MDT 2022
MaxEnt version 3.4.4
Checking header of C:\Working_Dir\Env_Vars\Set_1\100kmsq_mar_final.asc
Checking header of C:\Working_Dir\Env_Vars\Set_1\100kmsq_mcmt_final.asc
Checking header of C:\Working_Dir\Env_Vars\Set_1\100kmsq_msp_final.asc
Checking header of C:\Working_Dir\Env_Vars\Set_1\100kmsq_mwmt_final.asc
Checking header of C:\Working_Dir\Env_Vars\Set_1\100kmsq_pas_final.asc
Checking header of C:\Working_Dir\Env_Vars\Set_1\100kmsq_propgrass_final.asc.asc
Checking header of C:\Working_Dir\Env_Vars\Set_1\100kmsq_proptree_final.asc.asc.asc
Checking header of C:\Working_Dir\Env_Vars\Set_1\100kmsq_ruggedness_final.asc
Reading samples from Bison_Training_June6.csv
Read samples: max memory 932184064, total allocated 253231104, free 233411064, used 19820040, increment 19820040
Extractor: max memory 932184064, total allocated 253231104, free 226805008, used 26426096, increment 6606056
Extracting random background and sample data
70509 points with values for all grids
Adding samples to background in feature space
Command line used:  environmentallayers=C:\Working_Dir\Env_Vars\Set_1 samplesfile=C:\Working_Dir\Bison_Training_June6.csv outputdirectory=C:\Working_Dir\Candidate_Models_July82022\M_0.4_F_lqp_Set_1_cal betamultiplier=0.4 autofeature=false linear=true quadratic=true product=true threshold=false hinge=false extrapolate=false doclamp=false replicates=1 replicatetype=Crossvalidate responsecurves=false jackknife=false plots=false pictures=false outputformat=logistic warnings=false visible=false redoifexists autorun
Command line to repeat: java density.MaxEnt nowarnings noprefixes nopictures outputformat=logistic outputdirectory=C:\Working_Dir\Candidate_Models_July82022\M_0.4_F_lqp_Set_1_cal samplesfile=C:\Working_Dir\Bison_Training_June6.csv environmentallayers=C:\Working_Dir\Env_Vars\Set_1 nowarnings noaskoverwrite betamultiplier=0.4 nohinge autorun noextrapolate novisible noautofeature nodoclamp noplots
Species: Bison
Layers: 100kmsq_mar_final 100kmsq_mcmt_final 100kmsq_msp_final 100kmsq_mwmt_final 100kmsq_pas_final 100kmsq_propgrass_final.asc 100kmsq_proptree_final.asc.asc 100kmsq_ruggedness_final
Layertypes: Continuous Continuous Continuous Continuous Continuous Continuous Continuous Continuous
pictures: false
outputformat: logistic
outputdirectory: C:\Working_Dir\Candidate_Models_July82022\M_0.4_F_lqp_Set_1_cal
samplesfile: C:\Working_Dir\Bison_Training_June6.csv
environmentallayers: C:\Working_Dir\Env_Vars\Set_1
warnings: false
askoverwrite: false
betamultiplier: 0.4
hinge: false
autorun: true
extrapolate: false
visible: false
autofeature: false
doclamp: false
plots: false

getSamples: max memory 932184064, total allocated 253231104, free 218877144, used 34353960, increment 7927864
Making features
makeFeatures: max memory 932184064, total allocated 253231104, free 215663944, used 37567160, increment 3213200
Bison: 
Regularization values: linear/quadratic/product: 0.050, categorical: 0.250, threshold: 1.000, hinge: 0.500
867 samples
Density: max memory 932184064, total allocated 253231104, free 214342640, used 38888464, increment 1321304
linearPredictor: max memory 932184064, total allocated 253231104, free 214342640, used 38888464, increment 0
FeaturedSpace: max memory 932184064, total allocated 253231104, free 214342640, used 38888464, increment 0
Sequential: max memory 932184064, total allocated 253231104, free 214342640, used 38888464, increment 0
Initial loss: 9.282474969735382
500: time = 0.468000 loss = 8.464905
Resulting gain: 0.817569787779755
Projecting...
Writing file C:\Working_Dir\Candidate_Models_July82022\M_0.4_F_lqp_Set_1_cal\Bison.asc
Time since start: 1.279
Ending
